WARNING: Using incubator modules: jdk.incubator.vector
> Start Eclipse Jobs Mechanism [org.eclipse.core.jobs 3.15.100.v20230930-1207]
> Start Equinox Java Authentication and Authorization Service (JAAS) [org.eclipse.equinox.security 1.4.100.v20231012-1825]
> Start DBeaver Application Standalone [org.jkiss.dbeaver.ui.app.standalone 24.0.0.202403042157]
> Start Eclipse IDE UI Application [org.eclipse.ui.ide.application 1.5.200.v20231030-2045]
> Start Eclipse IDE UI [org.eclipse.ui.ide 3.22.0.v20231102-1012]
> Start DBeaver UI [org.jkiss.dbeaver.ui 5.1.141.202403042157]
> Start Expression Language [org.eclipse.core.expressions 3.9.200.v20230921-0857]
> Start DBeaver Usage Statistics [org.jkiss.dbeaver.ui.statistics 1.0.22.202403042157]
2024-04-01 18:12:22.433 - send collected statistics
> Start DBeaver Desktop Application Core [org.jkiss.dbeaver.core 24.0.0.202403042157]
2024-04-01 18:12:22.464 - DBeaver 24.0.0.202403042157 is starting
2024-04-01 18:12:22.464 - OS: Linux 6.8.2-arch2-1 (amd64)
2024-04-01 18:12:22.464 - Java version: 22 by N/A (64bit)
2024-04-01 18:12:22.464 - Install path: '/usr/lib/dbeaver'
2024-04-01 18:12:22.464 - Instance path: 'file:/home/ouki/.local/share/DBeaverData/workspace6/'
2024-04-01 18:12:22.465 - Memory available 65Mb/1024Mb
2024-04-01 18:12:22.470 - Create display

(DBeaver:24387): Gdk-CRITICAL **: 18:12:22.474: gdk_wayland_window_set_dbus_properties_libgtk_only: assertion 'GDK_IS_WAYLAND_WINDOW (window)' failed

(DBeaver:24387): Gdk-CRITICAL **: 18:12:22.476: gdk_wayland_window_set_dbus_properties_libgtk_only: assertion 'GDK_IS_WAYLAND_WINDOW (window)' failed
2024-04-01 18:12:22.531 - Initialize desktop platform...
2024-04-01 18:12:22.620 - BounceCastle bundle found. Use JCE provider BC
> Start Core File Systems [org.eclipse.core.filesystem 1.10.200.v20231102-0934]
> Start Core Resource Management [org.eclipse.core.resources 3.20.0.v20231102-0934]
> Start Team Support Core [org.eclipse.team.core 3.10.200.v20231106-1240]
> Start DBeaver UI Navigator [org.jkiss.dbeaver.ui.navigator 1.0.126.202403042157]
2024-04-01 18:12:22.743 - Initialize base platform...
2024-04-01 18:12:22.759 - Platform initialized (228ms)
> Start DBeaver UI Editors - Base [org.jkiss.dbeaver.ui.editors.base 1.0.126.202403042157]
2024-04-01 18:12:22.868 - Error accessing instance server: java.net.ConnectException
2024-04-01 18:12:22.877 - Starting instance server at http://localhost:46371
2024-04-01 18:12:22.880 - Run workbench
> Start Eclipse e4 Workbench SWT [org.eclipse.e4.ui.workbench.swt 0.17.200.v20231030-2045]
> Start Eclipse Application Services [org.eclipse.e4.core.services 2.4.200.v20231103-2012]
> Start Eclipse UI Application Services [org.eclipse.e4.ui.services 1.6.200.v20231030-2045]
> Start Eclipse e4 Progress View [org.eclipse.e4.ui.progress 0.4.200.v20231030-2045]
> Start Eclipse Bindings Support [org.eclipse.e4.ui.bindings 0.14.200.v20231030-2045]
> Start Eclipse e4 core commands [org.eclipse.e4.core.commands 1.1.200.v20231108-1058]
> Start EMF XML/XMI Persistence [org.eclipse.emf.ecore.xmi 2.36.0.v20231002-1156]
> Start Eclipse CSS SWT Theme Support [org.eclipse.e4.ui.css.swt.theme 0.14.200.v20230913-1724]
> Start Eclipse e4 Workbench Add-ons [org.eclipse.e4.ui.workbench.addons.swt 1.5.200.v20231106-1600]
> Start Eclipse e4 Workbench SWT Renderer [org.eclipse.e4.ui.workbench.renderers.swt 0.16.200.v20231030-2045]
> Start Eclipse Dependency Injection Extensions [org.eclipse.e4.core.di.extensions 0.18.100.v20231103-2012]
> Start Eclipse CSS SWT Support [org.eclipse.e4.ui.css.swt 0.15.200.v20231025-0632]

(DBeaver:24387): Gdk-CRITICAL **: 18:12:23.635: gdk_wayland_window_set_dbus_properties_libgtk_only: assertion 'GDK_IS_WAYLAND_WINDOW (window)' failed

(DBeaver:24387): Gdk-CRITICAL **: 18:12:23.648: gdk_wayland_window_set_dbus_properties_libgtk_only: assertion 'GDK_IS_WAYLAND_WINDOW (window)' failed
2024-04-01 18:12:23.730 - Configure workbench window
> Start DBeaver SQL Model [org.jkiss.dbeaver.model.sql 1.0.116.202403042157]
2024-04-01 18:12:23.840 - Total database drivers: 111 (111)
> Start Help System Core [org.eclipse.help 3.10.200.v20231106-1240]
2024-04-01 18:12:23.892 - Create actions
2024-04-01 18:12:23.898 - Disable Eclipse action set 'org.eclipse.ui.edit.text.actionSet.annotationNavigation'
2024-04-01 18:12:23.898 - Disable Eclipse action set 'org.eclipse.ui.WorkingSetActionSet'
2024-04-01 18:12:23.899 - Disable Eclipse action set 'org.eclipse.ui.actionSet.openFiles'
> Start jna [com.sun.jna 5.13.0.v20230812-1000]
2024-04-01 18:12:24.117 - Initialize workbench window
2024-04-01 18:12:24.121 - Finish initialization
> Start Default Text Editor [org.eclipse.ui.editors 3.17.100.v20231106-1600]
> Start Text Editor Framework [org.eclipse.ui.workbench.texteditor 3.17.200.v20231106-1600]
> Start DBeaver UI Editors - Data [org.jkiss.dbeaver.ui.editors.data 1.0.126.202403042157]
> Start DBeaver UI Editors - SQL [org.jkiss.dbeaver.ui.editors.sql 1.0.126.202403042157]
> Start DBeaver SQL Terminal [org.jkiss.dbeaver.ui.editors.sql.terminal 1.0.102.202403042157]

(DBeaver:24387): Gtk-CRITICAL **: 18:12:24.426: gtk_box_gadget_distribute: assertion 'size >= 0' failed in GtkScrollbar
> Start Core Compare Support [org.eclipse.compare.core 3.8.300.v20231106-1240]

(DBeaver:24387): Gtk-WARNING **: 18:12:24.558: Negative content width -5 (allocation 1, extents 3x3) while allocating gadget (node separator, owner GtkSeparatorToolItem)

(DBeaver:24387): Gtk-CRITICAL **: 18:12:24.575: gtk_box_gadget_distribute: assertion 'size >= 0' failed in GtkScrollbar

(DBeaver:24387): Gtk-CRITICAL **: 18:12:24.585: gtk_box_gadget_distribute: assertion 'size >= 0' failed in GtkScrollbar

(DBeaver:24387): Gdk-CRITICAL **: 18:12:24.674: gdk_wayland_window_set_dbus_properties_libgtk_only: assertion 'GDK_IS_WAYLAND_WINDOW (window)' failed
> Start Internet Connection Management UI [org.eclipse.ui.net 1.5.200.v20231106-1240]
> Start Internet Connection Management [org.eclipse.core.net 1.5.200.v20231106-1240]
> Start DBeaver Sample Database [org.jkiss.dbeaver.ext.sample.database 1.0.163.202403042157]
> Start DBeaver Tip of the day [org.jkiss.dbeaver.ext.ui.tipoftheday 1.0.132.202403042157]
> Start GEF Classic Draw2d [org.eclipse.draw2d 3.14.100.202311222042]
> Start GEF Classic GEF (MVC) [org.eclipse.gef 3.16.0.202311222042]
> Start DBeaver ERD UI [org.jkiss.dbeaver.erd.ui 3.0.86.202403042157]
> Start DBeaver ERD Model [org.jkiss.dbeaver.erd.model 1.0.86.202403042157]
> Start DBeaver UI Editors - Connections [org.jkiss.dbeaver.ui.editors.connection 1.0.117.202403042157]
> Start Console [org.eclipse.ui.console 3.13.100.v20230914-0751]

(DBeaver:24387): Gtk-CRITICAL **: 18:12:25.146: gtk_box_gadget_distribute: assertion 'size >= 0' failed in GtkScrollbar
> Start Debug Core [org.eclipse.debug.core 3.21.200.v20231021-1513]

(DBeaver:24387): Gtk-WARNING **: 18:12:25.195: Negative content width -1 (allocation 5, extents 3x3) while allocating gadget (node separator, owner GtkSeparatorToolItem)

(DBeaver:24387): Gtk-WARNING **: 18:12:25.199: Negative content width -1 (allocation 5, extents 3x3) while allocating gadget (node separator, owner GtkSeparatorToolItem)

(DBeaver:24387): Gtk-WARNING **: 18:12:25.206: Negative content width -1 (allocation 5, extents 3x3) while allocating gadget (node separator, owner GtkSeparatorToolItem)

(DBeaver:24387): Gtk-WARNING **: 18:12:25.213: Negative content width -1 (allocation 5, extents 3x3) while allocating gadget (node separator, owner GtkSeparatorToolItem)

(DBeaver:24387): Gtk-WARNING **: 18:12:25.217: Negative content width -1 (allocation 5, extents 3x3) while allocating gadget (node separator, owner GtkSeparatorToolItem)

(DBeaver:24387): Gtk-CRITICAL **: 18:12:25.232: gtk_box_gadget_distribute: assertion 'size >= 0' failed in GtkScrollbar

(DBeaver:24387): Gtk-WARNING **: 18:12:25.236: Negative content width -1 (allocation 1, extents 1x1) while allocating gadget (node scrolledwindow, owner GtkScrolledWindow)

(DBeaver:24387): Gtk-CRITICAL **: 18:12:25.237: gtk_box_gadget_distribute: assertion 'size >= 0' failed in GtkScrollbar

(DBeaver:24387): Gtk-CRITICAL **: 18:12:25.242: gtk_box_gadget_distribute: assertion 'size >= 0' failed in GtkScrollbar
2024-04-01 18:12:25.329 - Connect with 'products_for_you' (postgres-jdbc-18e963ee16d-48ffade892fe9348)
> Start DBeaver JDBC Model [org.jkiss.dbeaver.model.jdbc 1.0.19.202403042157]
> Start DBeaver PostgreSQL Model [org.jkiss.dbeaver.ext.postgresql 2.1.199.202403042157]

(DBeaver:24387): Gtk-WARNING **: 18:12:25.341: Negative content width -1 (allocation 5, extents 3x3) while allocating gadget (node separator, owner GtkSeparatorToolItem)

(DBeaver:24387): Gtk-WARNING **: 18:12:25.341: Negative content width -1 (allocation 5, extents 3x3) while allocating gadget (node separator, owner GtkSeparatorToolItem)

(DBeaver:24387): Gtk-WARNING **: 18:12:25.341: Negative content width -1 (allocation 5, extents 3x3) while allocating gadget (node separator, owner GtkSeparatorToolItem)

(DBeaver:24387): Gtk-WARNING **: 18:12:25.342: Negative content width -1 (allocation 5, extents 3x3) while allocating gadget (node separator, owner GtkSeparatorToolItem)

(DBeaver:24387): Gtk-WARNING **: 18:12:25.342: Negative content width -1 (allocation 5, extents 3x3) while allocating gadget (node separator, owner GtkSeparatorToolItem)

(DBeaver:24387): Gtk-WARNING **: 18:12:25.342: Negative content width -1 (allocation 5, extents 3x3) while allocating gadget (node separator, owner GtkSeparatorToolItem)

(DBeaver:24387): Gtk-WARNING **: 18:12:25.342: Negative content width -1 (allocation 5, extents 3x3) while allocating gadget (node separator, owner GtkSeparatorToolItem)

(DBeaver:24387): Gtk-WARNING **: 18:12:25.342: Negative content width -1 (allocation 5, extents 3x3) while allocating gadget (node separator, owner GtkSeparatorToolItem)

(DBeaver:24387): Gtk-WARNING **: 18:12:25.342: Negative content width -1 (allocation 5, extents 3x3) while allocating gadget (node separator, owner GtkSeparatorToolItem)

(DBeaver:24387): Gtk-WARNING **: 18:12:25.343: Negative content width -1 (allocation 5, extents 3x3) while allocating gadget (node separator, owner GtkSeparatorToolItem)

(DBeaver:24387): Gtk-CRITICAL **: 18:12:25.348: gtk_box_gadget_distribute: assertion 'size >= 0' failed in GtkScrollbar
> Start DBeaver GIS Support [org.jkiss.dbeaver.data.gis 1.0.150.202403042157]
2024-04-01 18:12:25.373 - Execution context opened (products_for_you; Main <products_for_you>; 0)
2024-04-01 18:12:25.375 - Initiate connection to PostgreSQL database [products_for_you@localhost] for Main <products_for_you>

(DBeaver:24387): Gtk-CRITICAL **: 18:12:25.376: gtk_box_gadget_distribute: assertion 'size >= 0' failed in GtkScrollbar
2024-04-01 18:12:25.490 - Open [https://stats.dbeaver.com/send-statistics?session=2261b4e1-8aa2-48f3-b679-580d5d7ddb39&time=1711984161]
2024-04-01 18:12:25.518 - Execution context opened (products_for_you; Metadata <products_for_you>; 1)
2024-04-01 18:12:25.518 - Initiate connection to PostgreSQL database [products_for_you@localhost] for Metadata <products_for_you>
2024-04-01 18:12:25.571 - Connected (postgres-jdbc-18e963ee16d-48ffade892fe9348, PostgreSQL JDBC Driver [42.7.2])
2024-04-01 18:12:25.579 - Execution context opened (products_for_you; SQLEditor <Script.sql>; 2)
2024-04-01 18:12:25.580 - Initiate connection to PostgreSQL database [products_for_you@localhost] for SQLEditor <Script.sql>

(DBeaver:24387): Gtk-CRITICAL **: 18:12:25.640: gtk_box_gadget_distribute: assertion 'size >= 0' failed in GtkScrollbar
2024-04-01 18:12:25.771 - Statistics sent (OK)

(DBeaver:24387): Gdk-CRITICAL **: 18:12:28.036: gdk_wayland_window_set_dbus_properties_libgtk_only: assertion 'GDK_IS_WAYLAND_WINDOW (window)' failed
> Start DBeaver Tasks - Native Tools UI [org.jkiss.dbeaver.tasks.native.ui 1.0.104.202403042157]
> Start DBeaver PostgreSQL UI [org.jkiss.dbeaver.ext.postgresql.ui 1.0.102.202403042157]
> Start DBeaver Tasks - General UI [org.jkiss.dbeaver.tasks.ui 1.0.104.202403042157]

(DBeaver:24387): Gdk-CRITICAL **: 18:13:40.526: gdk_wayland_window_set_dbus_properties_libgtk_only: assertion 'GDK_IS_WAYLAND_WINDOW (window)' failed
2024-04-01 18:13:42.162 - Execution context closed (products_for_you, 2)

(DBeaver:24387): Gdk-CRITICAL **: 18:13:42.255: gdk_wayland_window_set_dbus_properties_libgtk_only: assertion 'GDK_IS_WAYLAND_WINDOW (window)' failed
2024-04-01 18:13:42.392 - DBeaver is stopping
2024-04-01 18:13:42.392 - Stop instance server
2024-04-01 18:13:43.393 - Instance server has been stopped
2024-04-01 18:13:43.394 - DBeaver shutdown completed
2024-04-01 18:13:43.409 - Shutdown desktop platform...
2024-04-01 18:13:43.420 - Execution context closed (products_for_you, 0)
2024-04-01 18:13:43.431 - Execution context closed (products_for_you, 1)
2024-04-01 18:13:43.431 - Disconnected (postgres-jdbc-18e963ee16d-48ffade892fe9348)
2024-04-01 18:13:43.498 - Platform shutdown completed (89ms)
2024-04-01 18:13:43.499 - send collected statistics
2024-04-01 18:13:43.500 - Open [https://stats.dbeaver.com/send-statistics?session=668f0012-71ce-460f-88f3-058f51f5a1ad&time=1711984347]
2024-04-01 18:13:43.708 - Statistics sent (OK)
